<?xml version="1.0" encoding="UTF-8"?>
<!-- Generated by org.testng.reporters.JUnitReportReporter -->
<testsuite skipped="0" hostname="CHENMACL55" name="Test_Cases.TC_Printer_Create" tests="1" failures="0" timestamp="2022-05-26T13:56:29 IST" time="12.572" errors="0">
  <testcase name="CreatePrinter" time="12.572" classname="Test_Cases.TC_Printer_Create"/>
  <system-out/>
</testsuite> <!-- Test_Cases.TC_Printer_Create -->
