<?xml version="1.0" encoding="UTF-8"?>
<!-- Generated by org.testng.reporters.JUnitReportReporter -->
<testsuite skipped="0" hostname="CHENMACL55" name="Test_Cases.TC_Cilents_Edit" tests="1" failures="0" timestamp="2022-04-05T17:31:36 IST" time="2.427" errors="0">
  <testcase name="EditCilents" time="2.427" classname="Test_Cases.TC_Cilents_Edit"/>
  <system-out/>
</testsuite> <!-- Test_Cases.TC_Cilents_Edit -->
