<?xml version="1.0" encoding="UTF-8"?>
<!-- Generated by org.testng.reporters.JUnitReportReporter -->
<testsuite skipped="0" hostname="CHENMACL55" name="Test_Cases.TC_PrinterCost_Edit" tests="1" failures="0" timestamp="2022-05-26T13:49:17 IST" time="78.154" errors="0">
  <testcase name="EditPrinterCost" time="78.154" classname="Test_Cases.TC_PrinterCost_Edit"/>
  <system-out/>
</testsuite> <!-- Test_Cases.TC_PrinterCost_Edit -->
