<?xml version="1.0" encoding="UTF-8"?>
<!-- Generated by org.testng.reporters.JUnitReportReporter -->
<testsuite skipped="0" hostname="CHENMACL55" name="testUtilities.generateRandom" tests="1" failures="0" timestamp="2022-05-26T13:40:53 IST" time="12.218" errors="0">
  <testcase name="Random" time="12.218" classname="testUtilities.generateRandom"/>
  <system-out/>
</testsuite> <!-- testUtilities.generateRandom -->
