<?xml version="1.0" encoding="UTF-8"?>
<!-- Generated by org.testng.reporters.JUnitReportReporter -->
<testsuite skipped="0" hostname="CHENMACL55" name="Test_Cases.test" tests="1" failures="0" timestamp="2022-05-25T21:46:29 IST" time="0.833" errors="0">
  <testcase name="test123" time="0.833" classname="Test_Cases.test"/>
  <system-out/>
</testsuite> <!-- Test_Cases.test -->
