<?xml version="1.0" encoding="UTF-8"?>
<!-- Generated by org.testng.reporters.JUnitReportReporter -->
<testsuite skipped="0" hostname="CHENMACL55.local" name="Test_Cases.TC_CreateCilents" tests="1" failures="0" timestamp="2022-03-18T11:28:13 IST" time="2.248" errors="0">
  <testcase name="CreateCilents" time="2.248" classname="Test_Cases.TC_CreateCilents"/>
  <system-out/>
</testsuite> <!-- Test_Cases.TC_CreateCilents -->
