<?xml version="1.0" encoding="UTF-8"?>
<!-- Generated by org.testng.reporters.JUnitReportReporter -->
<testsuite skipped="0" hostname="CHENMACL55.local" name="testBase.testing" tests="1" failures="0" timestamp="2022-03-03T18:46:05 IST" time="10.014" errors="0">
  <testcase name="Test1" time="10.014" classname="testBase.testing"/>
  <system-out/>
</testsuite> <!-- testBase.testing -->
