<?xml version="1.0" encoding="UTF-8"?>
<!-- Generated by org.testng.reporters.JUnitReportReporter -->
<testsuite skipped="0" hostname="CHENMACL55" name="Test_Cases.TC_Login" tests="1" failures="0" timestamp="2022-05-26T13:56:29 IST" time="10.457" errors="0">
  <testcase name="Logintest" time="10.457" classname="Test_Cases.TC_Login"/>
  <system-out/>
</testsuite> <!-- Test_Cases.TC_Login -->
