<?xml version="1.0" encoding="UTF-8"?>
<!-- Generated by org.testng.reporters.JUnitReportReporter -->
<testsuite skipped="0" hostname="CHENMACL55" name="Test_Cases.TC_Quotes_Create" tests="1" failures="0" timestamp="2022-05-26T13:51:46 IST" time="18.012" errors="0">
  <testcase name="CreateQuotes" time="18.012" classname="Test_Cases.TC_Quotes_Create"/>
  <system-out/>
</testsuite> <!-- Test_Cases.TC_Quotes_Create -->
