<?xml version="1.0" encoding="UTF-8"?>
<!-- Generated by org.testng.reporters.JUnitReportReporter -->
<testsuite skipped="0" hostname="CHENMACL55" name="Test_Cases.TC_Item_Create" tests="1" failures="0" timestamp="2022-05-26T13:43:37 IST" time="26.345" errors="0">
  <testcase name="CreateItem" time="26.345" classname="Test_Cases.TC_Item_Create"/>
  <system-out/>
</testsuite> <!-- Test_Cases.TC_Item_Create -->
