<?xml version="1.0" encoding="UTF-8"?>
<!-- Generated by org.testng.reporters.JUnitReportReporter -->
<testsuite skipped="0" hostname="CHENMACL55" name="Test_Cases.TC_Quotes_Edit" tests="1" failures="0" timestamp="2022-05-26T13:51:46 IST" time="16.301" errors="0">
  <testcase name="EditQuotes" time="16.301" classname="Test_Cases.TC_Quotes_Edit"/>
  <system-out/>
</testsuite> <!-- Test_Cases.TC_Quotes_Edit -->
