<?xml version="1.0" encoding="UTF-8"?>
<!-- Generated by org.testng.reporters.JUnitReportReporter -->
<testsuite skipped="0" hostname="CHENMACL55" name="Test_Cases.TC_Printers_Edit" tests="1" failures="0" timestamp="2022-03-29T14:06:37 IST" time="13.328" errors="0">
  <testcase name="EditPrinter" time="13.328" classname="Test_Cases.TC_Printers_Edit"/>
  <system-out/>
</testsuite> <!-- Test_Cases.TC_Printers_Edit -->
