<?xml version="1.0" encoding="UTF-8"?>
<!-- Generated by org.testng.reporters.JUnitReportReporter -->
<testsuite skipped="0" hostname="CHENMACL55.local" name="Test_Cases.TC_Login" tests="1" failures="0" timestamp="2022-03-01T16:40:35 IST" time="2.446" errors="0">
  <testcase name="Logintest" time="2.446" classname="Test_Cases.TC_Login"/>
  <system-out/>
</testsuite> <!-- Test_Cases.TC_Login -->
